<?xml version="1.0" encoding="UTF-8"?>
<beans:beans 
	xmlns:beans="http://www.springframework.org/schema/beans"
	xmlns:security="http://www.springframework.org/schema/security"
	xmlns:xsi="http://www.w3.org/2001/XMLSchema-instance"
	xsi:schemaLocation="http://www.springframework.org/schema/beans http://www.springframework.org/schema/beans/spring-beans-4.3.xsd
    http://www.springframework.org/schema/security http://www.springframework.org/schema/security/spring-security-4.2.xsd">

  <beans:bean id="arcgisAuthenticationProvider" class="com.esri.geoportal.base.security.ArcGISAuthenticationProvider">
    <beans:property name="appId" value="6iJ2pLIj9UwcSdfA"/>
    <beans:property name="authorizeUrl" value="http://localhost:5000/sharing/rest/oauth2/authorize"/>
    <beans:property name="createAccountUrl" value="http://localhost:5000/home/createaccount.html"/>
    <beans:property name="expirationMinutes" value="120" />
    <beans:property name="geoportalAdministratorsGroupId" value="1234admin" />
    <beans:property name="geoportalPublishersGroupId" value="1234publisher" />
    <beans:property name="allUsersCanPublish" value="true" />
    <beans:property name="rolePrefix" value="ROLE_" />
    <beans:property name="showMyProfileLink" value="true" />

    <!-- PKI-protected portal properties 
    <beans:property name="clientCertificatePath" value="/temp/certs/pki.p12"/>
    <beans:property name="clientCertificateKey" value="password"/>
    <beans:property name="trustStorePath" value="/temp/certs/esri.pfx"/>
    <beans:property name="trustStoreKey" value="password"/>
     -->
  </beans:bean>

  <security:global-method-security secured-annotations="enabled" />

  <security:authentication-manager alias="authenticationManager">
    <security:authentication-provider ref="arcgisAuthenticationProvider"/>
    <!-- <security:authentication-provider>
      <security:user-service>
        <security:user name="gptadmin" password="gptadmin" authorities="ROLE_ADMIN,ROLE_PUBLISHER"/>
      </security:user-service>
    </security:authentication-provider> -->
  </security:authentication-manager>

  <beans:bean id="testService" class="com.esri.testutil.TestService" />

  <beans:bean id="geoportalContext" class="com.esri.geoportal.context.GeoportalContext">
		<!-- <beans:property name="elasticContext" ref="elasticContext" />
		<beans:property name="harvesterContext" ref="harvesterContext" /> -->
		<beans:property name="supportsApprovalStatus" value="false" />
		<beans:property name="defaultApprovalStatus" value="" /> <!-- optional - approved|reviewed|disapproved|incomplete|posted|draft -->
		<beans:property name="supportsGroupBasedAccess" value="false" />
		<beans:property name="defaultAccessLevel" value="" /> <!-- optional - public|private -->
	</beans:bean>

  <!-- One and only one of the authentication methods must be implemented. -->
  <!-- <beans:import resource="authentication-arcgis.xml"/> -->
  <!-- <beans:import resource="authentication-ldap.xml"/> -->
  <!-- <beans:import resource="authentication-simple.xml"/> -->
  <!-- <beans:import resource="authentication-simple.xml"/>

  <beans:import resource="app-oauth.xml"/> -->
  <!-- <security:http realm="Geoportal" pattern="/**" authentication-manager-ref="authenticationManager"> -->
    <!-- <security:headers>
       <security:frame-options policy="SAMEORIGIN"/>
       <security:header name="Access-Control-Allow-Origin" value="*" />
       <security:header name="Access-Control-Allow-Headers" value="Content-Type, Authorization, X-Requested-With" />
    </security:headers>
    <security:csrf disabled="true"/>
    <security:http-basic />
    <security:custom-filter ref="oauthResourceFilter" before="PRE_AUTH_FILTER" />
    <security:intercept-url pattern="/" access="permitAll" /> -->
    
    <!-- /rest/metadata/ - the metadata catalog -->
    <!-- <security:intercept-url pattern="/rest/metadata/bulk/**" access="hasRole('ADMIN')" />
    <security:intercept-url pattern="/rest/metadata/item/*" method="GET" access="permitAll" />
    <security:intercept-url pattern="/rest/metadata/item/*/html" method="GET" access="permitAll" />
    <security:intercept-url pattern="/rest/metadata/item/*/xml" method="GET" access="permitAll" />
    <security:intercept-url pattern="/rest/metadata/item/*/owner/*" method="PUT" access="hasRole('ADMIN')" />
    <security:intercept-url pattern="/rest/metadata/realias" access="hasRole('ADMIN')" />
    <security:intercept-url pattern="/rest/metadata/reindex" access="hasRole('ADMIN')" />
    <security:intercept-url pattern="/rest/metadata/search" access="permitAll" />
    <security:intercept-url pattern="/rest/metadata/transform" access="permitAll" />
    <security:intercept-url pattern="/rest/metadata/validate" access="permitAll" />
    <security:intercept-url pattern="/rest/metadata/**" access="hasRole('PUBLISHER')" /> -->
    
    <!-- /elastic/ - proxied to the Elasticsearch cluster -->
    <!-- <security:intercept-url pattern="/elastic/metadata/_count/**" access="permitAll" />
    <security:intercept-url pattern="/elastic/metadata/*/_count/**" access="permitAll" />
    <security:intercept-url pattern="/elastic/metadata/_search/**" access="permitAll" />
    <security:intercept-url pattern="/elastic/metadata/*/_search/**" access="permitAll" />
    <security:intercept-url pattern="/elastic/metadata/_mappings/**" method="GET" access="permitAll" />
    <security:intercept-url pattern="/elastic/metadata/*/_mappings/**" method="GET" access="permitAll" />
    <security:intercept-url pattern="/elastic/_search/scroll/**" access="hasRole('PUBLISHER')" />
    <security:intercept-url pattern="/elastic/**" access="hasRole('ADMIN')" /> -->
    
    <!-- /harvester/ - proxied to the Harvester -->
    <!-- <security:intercept-url pattern="/harvester/**" access="hasRole('PUBLISHER')" /> -->
    
  <!-- </security:http> -->

</beans:beans>